0 info it worked if it ends with ok
1 verbose cli [ 'C:\\Program Files\\nodejs\\node.exe',
1 verbose cli   'C:\\Program Files\\nodejs\\node_modules\\npm\\bin\\npm-cli.js',
1 verbose cli   'run',
1 verbose cli   'watch' ]
2 info using npm@3.3.12
3 info using node@v5.5.0
4 verbose run-script [ 'prewatch', 'watch', 'postwatch' ]
5 info lifecycle instanssi-frontend@1.0.0~prewatch: instanssi-frontend@1.0.0
6 silly lifecycle instanssi-frontend@1.0.0~prewatch: no script for prewatch, continuing
7 info lifecycle instanssi-frontend@1.0.0~watch: instanssi-frontend@1.0.0
8 verbose lifecycle instanssi-frontend@1.0.0~watch: unsafe-perm in lifecycle true
9 verbose lifecycle instanssi-frontend@1.0.0~watch: PATH: C:\Program Files\nodejs\node_modules\npm\bin\node-gyp-bin;C:\ohjelmointi\Instanssi.org\Instanssi\node_modules\.bin;C:\Users\teistiz\AppData\Local\Programs\Common\Microsoft\Visual C++ for Python\9.0\VC\Bin;C:\Users\teistiz\AppData\Local\Programs\Common\Microsoft\Visual C++ for Python\9.0\WinSDK\Bin;C:\ohjelmointi\Python27\Lib\site-packages\PyQt4;C:\ohjelmointi\Python27\;C:\ohjelmointi\Python27\Scripts;C:\ProgramData\Oracle\Java\javapath;C:\Windows\system32;C:\Windows;C:\Windows\System32\Wbem;C:\Windows\System32\WindowsPowerShell\v1.0\;C:\Program Files (x86)\MiKTeX 2.9\miktex\bin\;C:\WINDOWS\system32;C:\WINDOWS;C:\WINDOWS\System32\Wbem;C:\WINDOWS\System32\WindowsPowerShell\v1.0\;C:\Program Files (x86)\Skype\Phone\;C:\Program Files\nodejs\;C:\Program Files\Git\cmd;C:\Program Files\MySQL\MySQL Server 5.7\bin;C:\Program Files\MySQL\MySQL Utilities 1.6\;C:\Program Files (x86)\rabbitmq_server-3.6.5\sbin;C:\Program Files (x86)\NVIDIA Corporation\PhysX\Common;C:\Ohjelmointi\Rust_1.12\bin;C:\Program Files (x86)\Windows Kits\10\Windows Performance Toolkit\;C:\Program Files\dotnet\;C:\Users\teistiz\AppData\Roaming\npm;C:\Users\teistiz\.cargo\bin;C:\bin;C:\Users\teistiz\AppData\Local\Microsoft\WindowsApps
10 verbose lifecycle instanssi-frontend@1.0.0~watch: CWD: C:\ohjelmointi\Instanssi.org\Instanssi
11 silly lifecycle instanssi-frontend@1.0.0~watch: Args: [ '/d /s /c', 'webpack --watch' ]
12 silly lifecycle instanssi-frontend@1.0.0~watch: Returned: code: 2  signal: null
13 info lifecycle instanssi-frontend@1.0.0~watch: Failed to exec watch script
14 verbose stack Error: instanssi-frontend@1.0.0 watch: `webpack --watch`
14 verbose stack Exit status 2
14 verbose stack     at EventEmitter.<anonymous> (C:\Program Files\nodejs\node_modules\npm\lib\utils\lifecycle.js:232:16)
14 verbose stack     at emitTwo (events.js:100:13)
14 verbose stack     at EventEmitter.emit (events.js:185:7)
14 verbose stack     at ChildProcess.<anonymous> (C:\Program Files\nodejs\node_modules\npm\lib\utils\spawn.js:24:14)
14 verbose stack     at emitTwo (events.js:100:13)
14 verbose stack     at ChildProcess.emit (events.js:185:7)
14 verbose stack     at maybeClose (internal/child_process.js:821:16)
14 verbose stack     at Process.ChildProcess._handle.onexit (internal/child_process.js:211:5)
15 verbose pkgid instanssi-frontend@1.0.0
16 verbose cwd C:\ohjelmointi\Instanssi.org\Instanssi
17 error Windows_NT 10.0.14393
18 error argv "C:\\Program Files\\nodejs\\node.exe" "C:\\Program Files\\nodejs\\node_modules\\npm\\bin\\npm-cli.js" "run" "watch"
19 error node v5.5.0
20 error npm  v3.3.12
21 error code ELIFECYCLE
22 error instanssi-frontend@1.0.0 watch: `webpack --watch`
22 error Exit status 2
23 error Failed at the instanssi-frontend@1.0.0 watch script 'webpack --watch'.
23 error Make sure you have the latest version of node.js and npm installed.
23 error If you do, this is most likely a problem with the instanssi-frontend package,
23 error not with npm itself.
23 error Tell the author that this fails on your system:
23 error     webpack --watch
23 error You can get their info via:
23 error     npm owner ls instanssi-frontend
23 error There is likely additional logging output above.
24 verbose exit [ 1, true ]
